2022-04-28 23:42:04,097  INFO [main] Base:23 - Test has started[TestResult name=Home_page status=STARTED method=HomePageTest.Home_page()[pri:0, instance:TestCases.HomePageTest@78b1cc93] output={null}]
2022-04-28 23:42:07,213  INFO [main] Base:30 - PASSED TEST [TestResult name=Home_page status=SUCCESS method=HomePageTest.Home_page()[pri:0, instance:TestCases.HomePageTest@78b1cc93] output={null}]
2022-04-28 23:42:07,630  INFO [main] Base:23 - Test has started[TestResult name=About_Home_Page status=STARTED method=HomePageTest.About_Home_Page()[pri:1, instance:TestCases.HomePageTest@78b1cc93] output={null}]
2022-04-28 23:42:10,742  INFO [main] Base:30 - PASSED TEST [TestResult name=About_Home_Page status=SUCCESS method=HomePageTest.About_Home_Page()[pri:1, instance:TestCases.HomePageTest@78b1cc93] output={null}]
2022-04-28 23:42:11,607  INFO [main] Base:23 - Test has started[TestResult name=Home_page_Hot_Seats status=STARTED method=HomePageTest.Home_page_Hot_Seats()[pri:2, instance:TestCases.HomePageTest@78b1cc93] output={null}]
2022-04-28 23:42:17,238  INFO [main] Base:30 - PASSED TEST [TestResult name=Home_page_Hot_Seats status=SUCCESS method=HomePageTest.Home_page_Hot_Seats()[pri:2, instance:TestCases.HomePageTest@78b1cc93] output={null}]
2022-04-28 23:42:18,070  INFO [main] Base:23 - Test has started[TestResult name=Home_page_Large_Desk status=STARTED method=HomePageTest.Home_page_Large_Desk()[pri:3, instance:TestCases.HomePageTest@78b1cc93] output={null}]
2022-04-28 23:42:23,567  INFO [main] Base:30 - PASSED TEST [TestResult name=Home_page_Large_Desk status=SUCCESS method=HomePageTest.Home_page_Large_Desk()[pri:3, instance:TestCases.HomePageTest@78b1cc93] output={null}]
2022-04-28 23:42:24,344  INFO [main] Base:23 - Test has started[TestResult name=Home_Page_cabin status=STARTED method=HomePageTest.Home_Page_cabin()[pri:4, instance:TestCases.HomePageTest@78b1cc93] output={null}]
2022-04-28 23:42:29,851  INFO [main] Base:30 - PASSED TEST [TestResult name=Home_Page_cabin status=SUCCESS method=HomePageTest.Home_Page_cabin()[pri:4, instance:TestCases.HomePageTest@78b1cc93] output={null}]
2022-04-28 23:42:30,411  INFO [main] Base:23 - Test has started[TestResult name=Home_page_Book_Now status=STARTED method=HomePageTest.Home_page_Book_Now()[pri:5, instance:TestCases.HomePageTest@78b1cc93] output={null}]
2022-04-28 23:42:37,047  INFO [main] Base:30 - PASSED TEST [TestResult name=Home_page_Book_Now status=SUCCESS method=HomePageTest.Home_page_Book_Now()[pri:5, instance:TestCases.HomePageTest@78b1cc93] output={null}]
2022-04-28 23:42:37,880  INFO [main] Base:23 - Test has started[TestResult name=Home_page_Arrow_Right status=STARTED method=HomePageTest.Home_page_Arrow_Right()[pri:6, instance:TestCases.HomePageTest@78b1cc93] output={null}]
2022-04-28 23:42:39,189  INFO [main] Base:30 - PASSED TEST [TestResult name=Home_page_Arrow_Right status=SUCCESS method=HomePageTest.Home_page_Arrow_Right()[pri:6, instance:TestCases.HomePageTest@78b1cc93] output={null}]
2022-04-28 23:42:40,079  INFO [main] Base:23 - Test has started[TestResult name=validateSignup status=STARTED method=userSignupTest.validateSignup()[pri:7, instance:TestCases.userSignupTest@23941fb4] output={null}]
2022-04-28 23:42:50,960  INFO [main] Base:30 - PASSED TEST [TestResult name=validateSignup status=SUCCESS method=userSignupTest.validateSignup()[pri:7, instance:TestCases.userSignupTest@23941fb4] output={null}]
2022-04-28 23:42:51,339  INFO [main] Base:23 - Test has started[TestResult name=enterUserNameTest status=STARTED method=UserLoginTest.enterUserNameTest()[pri:8, instance:TestCases.UserLoginTest@7486b455] output={null}]
2022-04-28 23:42:52,397  INFO [main] Base:30 - PASSED TEST [TestResult name=enterUserNameTest status=SUCCESS method=UserLoginTest.enterUserNameTest()[pri:8, instance:TestCases.UserLoginTest@7486b455] output={null}]
2022-04-28 23:42:52,902  INFO [main] Base:23 - Test has started[TestResult name=enterPasswordTest status=STARTED method=UserLoginTest.enterPasswordTest()[pri:9, instance:TestCases.UserLoginTest@7486b455] output={null}]
2022-04-28 23:42:53,973  INFO [main] Base:30 - PASSED TEST [TestResult name=enterPasswordTest status=SUCCESS method=UserLoginTest.enterPasswordTest()[pri:9, instance:TestCases.UserLoginTest@7486b455] output={null}]
2022-04-28 23:42:54,454  INFO [main] Base:23 - Test has started[TestResult name=validateClickCheckBox status=STARTED method=UserLoginTest.validateClickCheckBox()[pri:10, instance:TestCases.UserLoginTest@7486b455] output={null}]
2022-04-28 23:42:54,478  INFO [main] Base:30 - PASSED TEST [TestResult name=validateClickCheckBox status=SUCCESS method=UserLoginTest.validateClickCheckBox()[pri:10, instance:TestCases.UserLoginTest@7486b455] output={null}]
2022-04-28 23:42:54,931  INFO [main] Base:23 - Test has started[TestResult name=clickUserLoginTest status=STARTED method=UserLoginTest.clickUserLoginTest()[pri:11, instance:TestCases.UserLoginTest@7486b455] output={null}]
2022-04-28 23:42:56,005  INFO [main] Base:30 - PASSED TEST [TestResult name=clickUserLoginTest status=SUCCESS method=UserLoginTest.clickUserLoginTest()[pri:11, instance:TestCases.UserLoginTest@7486b455] output={null}]
2022-04-28 23:42:56,537  INFO [main] Base:23 - Test has started[TestResult name=ClickExploreTest status=STARTED method=ApplyFilterTest.ClickExploreTest()[pri:12, instance:TestCases.ApplyFilterTest@660acfb] output={null}]
2022-04-28 23:42:57,611  INFO [main] Base:30 - PASSED TEST [TestResult name=ClickExploreTest status=SUCCESS method=ApplyFilterTest.ClickExploreTest()[pri:12, instance:TestCases.ApplyFilterTest@660acfb] output={null}]
2022-04-28 23:42:58,333  INFO [main] Base:23 - Test has started[TestResult name=SelectTypesTest status=STARTED method=ApplyFilterTest.SelectTypesTest()[pri:13, instance:TestCases.ApplyFilterTest@660acfb] output={null}]
2022-04-28 23:42:59,497  INFO [main] Base:30 - PASSED TEST [TestResult name=SelectTypesTest status=SUCCESS method=ApplyFilterTest.SelectTypesTest()[pri:13, instance:TestCases.ApplyFilterTest@660acfb] output={null}]
2022-04-28 23:43:00,469  INFO [main] Base:23 - Test has started[TestResult name=SelectLocationTest status=STARTED method=ApplyFilterTest.SelectLocationTest()[pri:14, instance:TestCases.ApplyFilterTest@660acfb] output={null}]
2022-04-28 23:43:01,655  INFO [main] Base:30 - PASSED TEST [TestResult name=SelectLocationTest status=SUCCESS method=ApplyFilterTest.SelectLocationTest()[pri:14, instance:TestCases.ApplyFilterTest@660acfb] output={null}]
2022-04-28 23:43:02,223  INFO [main] Base:23 - Test has started[TestResult name=ValidateDeskTest status=STARTED method=ApplyFilterTest.ValidateDeskTest()[pri:15, instance:TestCases.ApplyFilterTest@660acfb] output={null}]
2022-04-28 23:43:03,322  INFO [main] Base:30 - PASSED TEST [TestResult name=ValidateDeskTest status=SUCCESS method=ApplyFilterTest.ValidateDeskTest()[pri:15, instance:TestCases.ApplyFilterTest@660acfb] output={null}]
2022-04-28 23:43:03,567  INFO [main] Base:23 - Test has started[TestResult name=validateContinueBooking status=STARTED method=BookingPageTest.validateContinueBooking()[pri:16, instance:TestCases.BookingPageTest@5d908d47] output={null}]
2022-04-28 23:43:05,714  INFO [main] Base:30 - PASSED TEST [TestResult name=validateContinueBooking status=SUCCESS method=BookingPageTest.validateContinueBooking()[pri:16, instance:TestCases.BookingPageTest@5d908d47] output={null}]
2022-04-28 23:43:05,971  INFO [main] Base:23 - Test has started[TestResult name=validateConfirmBookingPage status=STARTED method=BookingPageTest.validateConfirmBookingPage()[pri:17, instance:TestCases.BookingPageTest@5d908d47] output={null}]
2022-04-28 23:43:08,317  INFO [main] Base:30 - PASSED TEST [TestResult name=validateConfirmBookingPage status=SUCCESS method=BookingPageTest.validateConfirmBookingPage()[pri:17, instance:TestCases.BookingPageTest@5d908d47] output={null}]
2022-04-28 23:43:09,169  INFO [main] Base:23 - Test has started[TestResult name=addareview status=STARTED method=addreviewtest.addareview()[pri:18, instance:TestCases.addreviewtest@5efa40fe] output={null}]
2022-04-28 23:43:25,131  INFO [main] Base:30 - PASSED TEST [TestResult name=addareview status=SUCCESS method=addreviewtest.addareview()[pri:18, instance:TestCases.addreviewtest@5efa40fe] output={null}]
2022-04-28 23:43:25,990  INFO [main] Base:23 - Test has started[TestResult name=validateAdminSignup status=STARTED method=AdminSignupTest.validateAdminSignup()[pri:19, instance:TestCases.AdminSignupTest@700fb871] output={null}]
2022-04-28 23:43:38,868  INFO [main] Base:30 - PASSED TEST [TestResult name=validateAdminSignup status=SUCCESS method=AdminSignupTest.validateAdminSignup()[pri:19, instance:TestCases.AdminSignupTest@700fb871] output={null}]
2022-04-28 23:43:39,204  INFO [main] Base:23 - Test has started[TestResult name=validateAdminLogin status=STARTED method=AdminLoginTest.validateAdminLogin()[pri:20, instance:TestCases.AdminLoginTest@3b35a229] output={null}]
2022-04-28 23:43:42,382  INFO [main] Base:30 - PASSED TEST [TestResult name=validateAdminLogin status=SUCCESS method=AdminLoginTest.validateAdminLogin()[pri:20, instance:TestCases.AdminLoginTest@3b35a229] output={null}]
2022-04-28 23:43:42,627  INFO [main] Base:23 - Test has started[TestResult name=adminScenarioTest status=STARTED method=adminTest.adminScenarioTest()[pri:21, instance:TestCases.adminTest@9816741] output={null}]
2022-04-28 23:43:49,456  INFO [main] Base:30 - PASSED TEST [TestResult name=adminScenarioTest status=SUCCESS method=adminTest.adminScenarioTest()[pri:21, instance:TestCases.adminTest@9816741] output={null}]
2022-04-28 23:43:51,055 DEBUG [main] cache:44 - Couldn't find template in cache for "spark/spark.spa.ftl"("en_US", UTF-8, parsed); will try to load it.
2022-04-28 23:43:51,057 DEBUG [main] cache:44 - TemplateLoader.findTemplateSource("spark/spark.spa_en_US.ftl"): Not found
2022-04-28 23:43:51,059 DEBUG [main] cache:44 - TemplateLoader.findTemplateSource("spark/spark.spa_en.ftl"): Not found
2022-04-28 23:43:51,060 DEBUG [main] cache:44 - TemplateLoader.findTemplateSource("spark/spark.spa.ftl"): Found
2022-04-28 23:43:51,061 DEBUG [main] cache:44 - Loading template for "spark/spark.spa.ftl"("en_US", UTF-8, parsed) from "jar:file:/C:/Users/anuragkumar5/.m2/repository/com/aventstack/extentreports/4.1.4/extentreports-4.1.4.jar!/com/aventstack/extentreports/view/spark/spark.spa.ftl"
2022-04-28 23:43:51,188 DEBUG [main] cache:44 - Couldn't find template in cache for "commons/commons-variables.ftl"("en_US", UTF-8, parsed); will try to load it.
2022-04-28 23:43:51,189 DEBUG [main] cache:44 - TemplateLoader.findTemplateSource("commons/commons-variables_en_US.ftl"): Not found
2022-04-28 23:43:51,189 DEBUG [main] cache:44 - TemplateLoader.findTemplateSource("commons/commons-variables_en.ftl"): Not found
2022-04-28 23:43:51,189 DEBUG [main] cache:44 - TemplateLoader.findTemplateSource("commons/commons-variables.ftl"): Found
2022-04-28 23:43:51,189 DEBUG [main] cache:44 - Loading template for "commons/commons-variables.ftl"("en_US", UTF-8, parsed) from "jar:file:/C:/Users/anuragkumar5/.m2/repository/com/aventstack/extentreports/4.1.4/extentreports-4.1.4.jar!/com/aventstack/extentreports/view/commons/commons-variables.ftl"
2022-04-28 23:43:51,258 DEBUG [main] cache:44 - Couldn't find template in cache for "commons/commons-macros.ftl"("en_US", UTF-8, parsed); will try to load it.
2022-04-28 23:43:51,259 DEBUG [main] cache:44 - TemplateLoader.findTemplateSource("commons/commons-macros_en_US.ftl"): Not found
2022-04-28 23:43:51,260 DEBUG [main] cache:44 - TemplateLoader.findTemplateSource("commons/commons-macros_en.ftl"): Not found
2022-04-28 23:43:51,261 DEBUG [main] cache:44 - TemplateLoader.findTemplateSource("commons/commons-macros.ftl"): Found
2022-04-28 23:43:51,261 DEBUG [main] cache:44 - Loading template for "commons/commons-macros.ftl"("en_US", UTF-8, parsed) from "jar:file:/C:/Users/anuragkumar5/.m2/repository/com/aventstack/extentreports/4.1.4/extentreports-4.1.4.jar!/com/aventstack/extentreports/view/commons/commons-macros.ftl"
2022-04-28 23:43:51,272 DEBUG [main] cache:44 - Couldn't find template in cache for "spark/macros/attributes.ftl"("en_US", UTF-8, parsed); will try to load it.
2022-04-28 23:43:51,273 DEBUG [main] cache:44 - TemplateLoader.findTemplateSource("spark/macros/attributes_en_US.ftl"): Not found
2022-04-28 23:43:51,274 DEBUG [main] cache:44 - TemplateLoader.findTemplateSource("spark/macros/attributes_en.ftl"): Not found
2022-04-28 23:43:51,275 DEBUG [main] cache:44 - TemplateLoader.findTemplateSource("spark/macros/attributes.ftl"): Found
2022-04-28 23:43:51,275 DEBUG [main] cache:44 - Loading template for "spark/macros/attributes.ftl"("en_US", UTF-8, parsed) from "jar:file:/C:/Users/anuragkumar5/.m2/repository/com/aventstack/extentreports/4.1.4/extentreports-4.1.4.jar!/com/aventstack/extentreports/view/spark/macros/attributes.ftl"
2022-04-28 23:43:51,278 DEBUG [main] cache:44 - Couldn't find template in cache for "spark/macros/log.ftl"("en_US", UTF-8, parsed); will try to load it.
2022-04-28 23:43:51,279 DEBUG [main] cache:44 - TemplateLoader.findTemplateSource("spark/macros/log_en_US.ftl"): Not found
2022-04-28 23:43:51,280 DEBUG [main] cache:44 - TemplateLoader.findTemplateSource("spark/macros/log_en.ftl"): Not found
2022-04-28 23:43:51,280 DEBUG [main] cache:44 - TemplateLoader.findTemplateSource("spark/macros/log.ftl"): Found
2022-04-28 23:43:51,280 DEBUG [main] cache:44 - Loading template for "spark/macros/log.ftl"("en_US", UTF-8, parsed) from "jar:file:/C:/Users/anuragkumar5/.m2/repository/com/aventstack/extentreports/4.1.4/extentreports-4.1.4.jar!/com/aventstack/extentreports/view/spark/macros/log.ftl"
2022-04-28 23:43:51,282 DEBUG [main] cache:44 - Couldn't find template in cache for "spark/macros/recurse_nodes.ftl"("en_US", UTF-8, parsed); will try to load it.
2022-04-28 23:43:51,283 DEBUG [main] cache:44 - TemplateLoader.findTemplateSource("spark/macros/recurse_nodes_en_US.ftl"): Not found
2022-04-28 23:43:51,284 DEBUG [main] cache:44 - TemplateLoader.findTemplateSource("spark/macros/recurse_nodes_en.ftl"): Not found
2022-04-28 23:43:51,284 DEBUG [main] cache:44 - TemplateLoader.findTemplateSource("spark/macros/recurse_nodes.ftl"): Found
2022-04-28 23:43:51,285 DEBUG [main] cache:44 - Loading template for "spark/macros/recurse_nodes.ftl"("en_US", UTF-8, parsed) from "jar:file:/C:/Users/anuragkumar5/.m2/repository/com/aventstack/extentreports/4.1.4/extentreports-4.1.4.jar!/com/aventstack/extentreports/view/spark/macros/recurse_nodes.ftl"
2022-04-28 23:43:51,287 DEBUG [main] cache:44 - "spark/macros/log.ftl"("en_US", UTF-8, parsed) cached copy not yet stale; using cached.
2022-04-28 23:43:51,293 DEBUG [main] cache:44 - Couldn't find template in cache for "spark/partials/head.ftl"("en_US", UTF-8, parsed); will try to load it.
2022-04-28 23:43:51,294 DEBUG [main] cache:44 - TemplateLoader.findTemplateSource("spark/partials/head_en_US.ftl"): Not found
2022-04-28 23:43:51,294 DEBUG [main] cache:44 - TemplateLoader.findTemplateSource("spark/partials/head_en.ftl"): Not found
2022-04-28 23:43:51,295 DEBUG [main] cache:44 - TemplateLoader.findTemplateSource("spark/partials/head.ftl"): Found
2022-04-28 23:43:51,295 DEBUG [main] cache:44 - Loading template for "spark/partials/head.ftl"("en_US", UTF-8, parsed) from "jar:file:/C:/Users/anuragkumar5/.m2/repository/com/aventstack/extentreports/4.1.4/extentreports-4.1.4.jar!/com/aventstack/extentreports/view/spark/partials/head.ftl"
2022-04-28 23:43:51,296 DEBUG [main] cache:44 - Couldn't find template in cache for "commons/commons-inject-css.ftl"("en_US", UTF-8, parsed); will try to load it.
2022-04-28 23:43:51,297 DEBUG [main] cache:44 - TemplateLoader.findTemplateSource("commons/commons-inject-css_en_US.ftl"): Not found
2022-04-28 23:43:51,297 DEBUG [main] cache:44 - TemplateLoader.findTemplateSource("commons/commons-inject-css_en.ftl"): Not found
2022-04-28 23:43:51,297 DEBUG [main] cache:44 - TemplateLoader.findTemplateSource("commons/commons-inject-css.ftl"): Found
2022-04-28 23:43:51,297 DEBUG [main] cache:44 - Loading template for "commons/commons-inject-css.ftl"("en_US", UTF-8, parsed) from "jar:file:/C:/Users/anuragkumar5/.m2/repository/com/aventstack/extentreports/4.1.4/extentreports-4.1.4.jar!/com/aventstack/extentreports/view/commons/commons-inject-css.ftl"
2022-04-28 23:43:51,298 DEBUG [main] cache:44 - Couldn't find template in cache for "spark/partials/navbar.ftl"("en_US", UTF-8, parsed); will try to load it.
2022-04-28 23:43:51,299 DEBUG [main] cache:44 - TemplateLoader.findTemplateSource("spark/partials/navbar_en_US.ftl"): Not found
2022-04-28 23:43:51,299 DEBUG [main] cache:44 - TemplateLoader.findTemplateSource("spark/partials/navbar_en.ftl"): Not found
2022-04-28 23:43:51,300 DEBUG [main] cache:44 - TemplateLoader.findTemplateSource("spark/partials/navbar.ftl"): Found
2022-04-28 23:43:51,300 DEBUG [main] cache:44 - Loading template for "spark/partials/navbar.ftl"("en_US", UTF-8, parsed) from "jar:file:/C:/Users/anuragkumar5/.m2/repository/com/aventstack/extentreports/4.1.4/extentreports-4.1.4.jar!/com/aventstack/extentreports/view/spark/partials/navbar.ftl"
2022-04-28 23:43:51,307 DEBUG [main] cache:44 - Couldn't find template in cache for "spark/partials/sidenav.ftl"("en_US", UTF-8, parsed); will try to load it.
2022-04-28 23:43:51,308 DEBUG [main] cache:44 - TemplateLoader.findTemplateSource("spark/partials/sidenav_en_US.ftl"): Not found
2022-04-28 23:43:51,308 DEBUG [main] cache:44 - TemplateLoader.findTemplateSource("spark/partials/sidenav_en.ftl"): Not found
2022-04-28 23:43:51,309 DEBUG [main] cache:44 - TemplateLoader.findTemplateSource("spark/partials/sidenav.ftl"): Found
2022-04-28 23:43:51,309 DEBUG [main] cache:44 - Loading template for "spark/partials/sidenav.ftl"("en_US", UTF-8, parsed) from "jar:file:/C:/Users/anuragkumar5/.m2/repository/com/aventstack/extentreports/4.1.4/extentreports-4.1.4.jar!/com/aventstack/extentreports/view/spark/partials/sidenav.ftl"
2022-04-28 23:43:51,310 DEBUG [main] cache:44 - Couldn't find template in cache for "spark/partials/test.ftl"("en_US", UTF-8, parsed); will try to load it.
2022-04-28 23:43:51,310 DEBUG [main] cache:44 - TemplateLoader.findTemplateSource("spark/partials/test_en_US.ftl"): Not found
2022-04-28 23:43:51,311 DEBUG [main] cache:44 - TemplateLoader.findTemplateSource("spark/partials/test_en.ftl"): Not found
2022-04-28 23:43:51,311 DEBUG [main] cache:44 - TemplateLoader.findTemplateSource("spark/partials/test.ftl"): Found
2022-04-28 23:43:51,311 DEBUG [main] cache:44 - Loading template for "spark/partials/test.ftl"("en_US", UTF-8, parsed) from "jar:file:/C:/Users/anuragkumar5/.m2/repository/com/aventstack/extentreports/4.1.4/extentreports-4.1.4.jar!/com/aventstack/extentreports/view/spark/partials/test.ftl"
2022-04-28 23:43:51,328 DEBUG [main] cache:44 - Couldn't find template in cache for "spark/partials/standard-content.ftl"("en_US", UTF-8, parsed); will try to load it.
2022-04-28 23:43:51,328 DEBUG [main] cache:44 - TemplateLoader.findTemplateSource("spark/partials/standard-content_en_US.ftl"): Not found
2022-04-28 23:43:51,329 DEBUG [main] cache:44 - TemplateLoader.findTemplateSource("spark/partials/standard-content_en.ftl"): Not found
2022-04-28 23:43:51,329 DEBUG [main] cache:44 - TemplateLoader.findTemplateSource("spark/partials/standard-content.ftl"): Found
2022-04-28 23:43:51,329 DEBUG [main] cache:44 - Loading template for "spark/partials/standard-content.ftl"("en_US", UTF-8, parsed) from "jar:file:/C:/Users/anuragkumar5/.m2/repository/com/aventstack/extentreports/4.1.4/extentreports-4.1.4.jar!/com/aventstack/extentreports/view/spark/partials/standard-content.ftl"
2022-04-28 23:43:51,335 DEBUG [main] cache:44 - "spark/partials/standard-content.ftl"("en_US", UTF-8, parsed) cached copy not yet stale; using cached.
2022-04-28 23:43:51,336 DEBUG [main] cache:44 - "spark/partials/standard-content.ftl"("en_US", UTF-8, parsed) cached copy not yet stale; using cached.
2022-04-28 23:43:51,337 DEBUG [main] cache:44 - "spark/partials/standard-content.ftl"("en_US", UTF-8, parsed) cached copy not yet stale; using cached.
2022-04-28 23:43:51,338 DEBUG [main] cache:44 - "spark/partials/standard-content.ftl"("en_US", UTF-8, parsed) cached copy not yet stale; using cached.
2022-04-28 23:43:51,339 DEBUG [main] cache:44 - "spark/partials/standard-content.ftl"("en_US", UTF-8, parsed) cached copy not yet stale; using cached.
2022-04-28 23:43:51,339 DEBUG [main] cache:44 - "spark/partials/standard-content.ftl"("en_US", UTF-8, parsed) cached copy not yet stale; using cached.
2022-04-28 23:43:51,340 DEBUG [main] cache:44 - "spark/partials/standard-content.ftl"("en_US", UTF-8, parsed) cached copy not yet stale; using cached.
2022-04-28 23:43:51,341 DEBUG [main] cache:44 - "spark/partials/standard-content.ftl"("en_US", UTF-8, parsed) cached copy not yet stale; using cached.
2022-04-28 23:43:51,341 DEBUG [main] cache:44 - "spark/partials/standard-content.ftl"("en_US", UTF-8, parsed) cached copy not yet stale; using cached.
2022-04-28 23:43:51,342 DEBUG [main] cache:44 - "spark/partials/standard-content.ftl"("en_US", UTF-8, parsed) cached copy not yet stale; using cached.
2022-04-28 23:43:51,348 DEBUG [main] cache:44 - "spark/partials/standard-content.ftl"("en_US", UTF-8, parsed) cached copy not yet stale; using cached.
2022-04-28 23:43:51,349 DEBUG [main] cache:44 - "spark/partials/standard-content.ftl"("en_US", UTF-8, parsed) cached copy not yet stale; using cached.
2022-04-28 23:43:51,350 DEBUG [main] cache:44 - "spark/partials/standard-content.ftl"("en_US", UTF-8, parsed) cached copy not yet stale; using cached.
2022-04-28 23:43:51,352 DEBUG [main] cache:44 - "spark/partials/standard-content.ftl"("en_US", UTF-8, parsed) cached copy not yet stale; using cached.
2022-04-28 23:43:51,356 DEBUG [main] cache:44 - "spark/partials/standard-content.ftl"("en_US", UTF-8, parsed) cached copy not yet stale; using cached.
2022-04-28 23:43:51,358 DEBUG [main] cache:44 - "spark/partials/standard-content.ftl"("en_US", UTF-8, parsed) cached copy not yet stale; using cached.
2022-04-28 23:43:51,358 DEBUG [main] cache:44 - "spark/partials/standard-content.ftl"("en_US", UTF-8, parsed) cached copy not yet stale; using cached.
2022-04-28 23:43:51,359 DEBUG [main] cache:44 - "spark/partials/standard-content.ftl"("en_US", UTF-8, parsed) cached copy not yet stale; using cached.
2022-04-28 23:43:51,359 DEBUG [main] cache:44 - "spark/partials/standard-content.ftl"("en_US", UTF-8, parsed) cached copy not yet stale; using cached.
2022-04-28 23:43:51,359 DEBUG [main] cache:44 - "spark/partials/standard-content.ftl"("en_US", UTF-8, parsed) cached copy not yet stale; using cached.
2022-04-28 23:43:51,360 DEBUG [main] cache:44 - "spark/partials/standard-content.ftl"("en_US", UTF-8, parsed) cached copy not yet stale; using cached.
2022-04-28 23:43:51,360 DEBUG [main] cache:44 - Couldn't find template in cache for "spark/partials/dashboard.ftl"("en_US", UTF-8, parsed); will try to load it.
2022-04-28 23:43:51,360 DEBUG [main] cache:44 - TemplateLoader.findTemplateSource("spark/partials/dashboard_en_US.ftl"): Not found
2022-04-28 23:43:51,361 DEBUG [main] cache:44 - TemplateLoader.findTemplateSource("spark/partials/dashboard_en.ftl"): Not found
2022-04-28 23:43:51,361 DEBUG [main] cache:44 - TemplateLoader.findTemplateSource("spark/partials/dashboard.ftl"): Found
2022-04-28 23:43:51,361 DEBUG [main] cache:44 - Loading template for "spark/partials/dashboard.ftl"("en_US", UTF-8, parsed) from "jar:file:/C:/Users/anuragkumar5/.m2/repository/com/aventstack/extentreports/4.1.4/extentreports-4.1.4.jar!/com/aventstack/extentreports/view/spark/partials/dashboard.ftl"
2022-04-28 23:43:51,416 DEBUG [main] cache:44 - Couldn't find template in cache for "spark/partials/scripts.ftl"("en_US", UTF-8, parsed); will try to load it.
2022-04-28 23:43:51,417 DEBUG [main] cache:44 - TemplateLoader.findTemplateSource("spark/partials/scripts_en_US.ftl"): Not found
2022-04-28 23:43:51,418 DEBUG [main] cache:44 - TemplateLoader.findTemplateSource("spark/partials/scripts_en.ftl"): Not found
2022-04-28 23:43:51,419 DEBUG [main] cache:44 - TemplateLoader.findTemplateSource("spark/partials/scripts.ftl"): Found
2022-04-28 23:43:51,419 DEBUG [main] cache:44 - Loading template for "spark/partials/scripts.ftl"("en_US", UTF-8, parsed) from "jar:file:/C:/Users/anuragkumar5/.m2/repository/com/aventstack/extentreports/4.1.4/extentreports-4.1.4.jar!/com/aventstack/extentreports/view/spark/partials/scripts.ftl"
2022-04-28 23:43:51,435 DEBUG [main] cache:44 - Couldn't find template in cache for "commons/commons-inject-js.ftl"("en_US", UTF-8, parsed); will try to load it.
2022-04-28 23:43:51,436 DEBUG [main] cache:44 - TemplateLoader.findTemplateSource("commons/commons-inject-js_en_US.ftl"): Not found
2022-04-28 23:43:51,436 DEBUG [main] cache:44 - TemplateLoader.findTemplateSource("commons/commons-inject-js_en.ftl"): Not found
2022-04-28 23:43:51,437 DEBUG [main] cache:44 - TemplateLoader.findTemplateSource("commons/commons-inject-js.ftl"): Found
2022-04-28 23:43:51,437 DEBUG [main] cache:44 - Loading template for "commons/commons-inject-js.ftl"("en_US", UTF-8, parsed) from "jar:file:/C:/Users/anuragkumar5/.m2/repository/com/aventstack/extentreports/4.1.4/extentreports-4.1.4.jar!/com/aventstack/extentreports/view/commons/commons-inject-js.ftl"
